SF:app.py
DA:3,1
DA:6,1
DA:29,1
DA:30,1
DA:34,1
DA:38,1
DA:43,1
DA:46,1
DA:47,0
LF:9
LH:8
FN:6,43,start
FNDA:1,start
FNF:1
FNH:1
end_of_record
SF:scripts\help.py
DA:3,1
DA:6,1
DA:37,0
DA:38,0
DA:39,0
DA:40,0
DA:45,0
DA:46,0
DA:47,0
DA:48,0
DA:49,0
DA:51,0
DA:52,0
DA:53,0
DA:54,0
DA:55,0
DA:59,0
DA:60,0
DA:63,1
DA:64,0
LF:20
LH:3
FN:6,60,help
FNDA:0,help
FNF:1
FNH:0
end_of_record
SF:start_py\__init__.py
end_of_record
SF:start_py\include.py
DA:1,1
DA:11,0
LF:2
LH:1
FN:1,11,include
FNDA:0,include
FNF:1
FNH:0
end_of_record
SF:tests\__init__.py
end_of_record
SF:tests\test_app.py
DA:1,1
DA:2,1
LF:2
LH:2
FN:1,2,test_app
FNDA:1,test_app
FNF:1
FNH:1
end_of_record
